\BOOKMARK [-1][-]{part.1}{\376\377\000I\000\040\000I\000n\000t\000r\000o\000d\000u\000c\000t\000i\000o\000n}{}% 1
\BOOKMARK [0][-]{chapter*.2}{\376\377\000P\000r\000o\000l\000o\000g\000u\000e}{part.1}% 2
\BOOKMARK [1][-]{section*.3}{\376\377\000W\000e\040\031\000r\000e\000\040\000n\000o\000t\000\040\000a\000l\000o\000n\000e}{chapter*.2}% 3
\BOOKMARK [1][-]{section*.4}{\376\377\000T\000h\000e\000\040\000c\000a\000v\000e\000\040\000g\000o\000e\000s\000\040\000S\000o\000u\000t\000h}{chapter*.2}% 4
\BOOKMARK [1][-]{section*.5}{\376\377\000T\000h\000e\000\040\000t\000w\000e\000l\000v\000e\000\040\000b\000a\000t\000t\000l\000e\000s\000\040\000o\000f\000\040\000M\000o\000n\000a\000t\000i\000p}{chapter*.2}% 5
\BOOKMARK [1][-]{section*.7}{\376\377\000T\000h\000e\000\040\000r\000o\000a\000d\000\040\000l\000e\000s\000s\000\040\000t\000r\000a\000v\000e\000l\000e\000d}{chapter*.2}% 6
\BOOKMARK [1][-]{section*.8}{\376\377\000D\000i\000v\000i\000n\000e\000\040\000i\000n\000t\000e\000r\000v\000e\000n\000t\000i\000o\000n}{chapter*.2}% 7
\BOOKMARK [1][-]{section*.9}{\376\377\000T\000h\000e\000\040\000o\000u\000t\000l\000o\000o\000k}{chapter*.2}% 8
\BOOKMARK [1][-]{section*.10}{\376\377\000T\000h\000e\000\040\000c\000a\000v\000e\000\040\000a\000r\000e\000a\000s\000\040\000o\000f\000\040\000M\000i\000g\000o\000v\000e\000c}{chapter*.2}% 9
\BOOKMARK [1][-]{section*.22}{\376\377\000B\000u\000i\000l\000d\000i\000n\000g\000\040\000t\000h\000e\000\040\000S\000u\000r\000v\000e\000y\000\040\000o\000f\000\040\000t\000h\000e\000\040\000M\000i\000g\000o\000v\000e\000c\000\040\000C\000a\000v\000e\000\040\000S\000y\000s\000t\000e\000m}{chapter*.2}% 10
\BOOKMARK [-1][-]{part.2}{\376\377\000I\000I\000\040\000T\000h\000e\000\040\000e\000x\000p\000l\000o\000r\000a\000t\000i\000o\000n\000\040\000o\000f\000\040\000t\000h\000e\000\040\000M\000i\000g\000o\000v\000e\000c\000\040\000s\000y\000s\000t\000e\000m\000\040\000b\000e\000t\000w\000e\000e\000n\000\040\0002\0000\0001\0003\000-\0002\0000\0001\0007}{}% 11
\BOOKMARK [0][-]{chapter*.29}{\376\377\0002\0000\0001\0003\000\040\000-\000\040\000Z\000\040\000M\000i\000g\000\040\000N\000a\000\040\000K\000u\000k}{part.2}% 12
\BOOKMARK [1][-]{section*.31}{\376\377\000A\000\040\000m\000y\000s\000t\000e\000r\000i\000o\000u\000s\000\040\000c\000o\000m\000p\000a\000n\000i\000o\000n}{chapter*.29}% 13
\BOOKMARK [1][-]{section*.65}{\376\377\000D\000i\000s\000c\000o\000v\000e\000r\000y\000\040\000o\000f\000\040\000J\000a\000i\000l\000b\000r\000e\000a\000k}{chapter*.29}% 14
\BOOKMARK [1][-]{section*.68}{\376\377\000A\000\040\000s\000t\000o\000r\000m\000\040\000h\000i\000t\000s\000\040\000t\000h\000e\000\040\000m\000o\000u\000n\000t\000a\000i\000n}{chapter*.29}% 15
\BOOKMARK [1][-]{section*.70}{\376\377\000L\000e\000a\000d\000s\000\040\000i\000n\000\040\000t\000h\000e\000\040\000L\000a\000b\000y\000r\000i\000n\000t\000h}{chapter*.29}% 16
\BOOKMARK [1][-]{section*.71}{\376\377\000\040\000E\000x\000p\000l\000o\000r\000a\000t\000i\000o\000n\000\040\000o\000f\000\040\000A\000r\000e\000a\000\040\000S}{chapter*.29}% 17
\BOOKMARK [1][-]{section*.74}{\376\377\000D\000i\000s\000c\000o\000v\000e\000r\000i\000e\000s\000\040\000b\000i\000g\000\040\000a\000n\000d\000\040\000s\000m\000a\000l\000l\000\040\000i\000n\000\040\000t\000h\000e\000\040\000H\000o\000l\000l\000o\000w\000\040\000m\000o\000u\000n\000t\000a\000i\000n}{chapter*.29}% 18
\BOOKMARK [1][-]{section*.75}{\376\377\000\040\000A\000t\000\040\000t\000h\000e\000\040\000e\000n\000d\000\040\000A\000t\000l\000a\000n\000t\000i\000s}{chapter*.29}% 19
\BOOKMARK [1][-]{section*.76}{\376\377\000B\000e\000l\000o\000w\000\040\000B\000a\000l\000a\000m\000o\000r\000y}{chapter*.29}% 20
\BOOKMARK [0][-]{chapter*.86}{\376\377\0002\0000\0001\0004\000\040\000-\000\040\000Z\000k\000o\000s\000i\000\040\000Z\000r\000c\000a\000l\000o}{part.2}% 21
\BOOKMARK [1][-]{section*.87}{\376\377\000A\000\040\000r\000a\000t\000h\000e\000r\000\040\000c\000o\000l\000d\000\040\000w\000e\000l\000c\000o\000m\000e}{chapter*.86}% 22
\BOOKMARK [1][-]{section*.89}{\376\377\000T\000h\000e\000\040\000d\000e\000a\000t\000h\000\040\000o\000f\000\040\000J\000a\000i\000l\000b\000r\000e\000a\000k}{chapter*.86}% 23
\BOOKMARK [1][-]{section*.92}{\376\377\000S\000u\000r\000f\000a\000c\000e\000\040\000e\000x\000p\000l\000o\000r\000a\000t\000i\000o\000n\000\040\000o\000n\000\040\000M\000i\000g\000o\000v\000e\000c}{chapter*.86}% 24
\BOOKMARK [1][-]{section*.98}{\376\377\000P\000r\000e\000p\000a\000r\000i\000n\000g\000\040\000t\000h\000e\000\040\000g\000r\000o\000u\000n\000d\000\040\000f\000o\000r\000\040\000a\000n\000o\000t\000h\000e\000r\000\040\000c\000a\000m\000p}{chapter*.86}% 25
\BOOKMARK [1][-]{section*.107}{\376\377\000E\000x\000p\000l\000o\000r\000i\000n\000g\000\040\000t\000h\000e\000\040\000N\000o\000r\000t\000h\000e\000r\000n\000\040\000e\000x\000t\000e\000n\000s\000i\000o\000n\000s}{chapter*.86}% 26
\BOOKMARK [1][-]{section*.113}{\376\377\000P\000u\000s\000h\000i\000n\000g\000\040\000a\000n\000\040\000e\000v\000a\000s\000i\000v\000e\000\040\000e\000s\000o\000t\000e\000r\000i\000c\000\040\000s\000t\000r\000e\000a\000m\000w\000a\000y\000\040\000a\000n\000d\000\040\000p\000l\000u\000m\000b\000i\000n\000g\000\040\000t\000h\000e\000\040\000d\000e\000p\000t\000h\000s\000\040\000o\000f\000\040\000h\000u\000m\000o\000u\000r}{chapter*.86}% 27
\BOOKMARK [1][-]{section*.118}{\376\377\000E\000s\000o\000t\000e\000r\000i\000c\000a\000\040\000-\000\040\000a\000\040\000l\000e\000a\000d\000\040\000c\000l\000o\000s\000e\000\040\000t\000o\000\040\000c\000a\000m\000p\000\040\000X\000-\000R\000a\000y}{chapter*.86}% 28
\BOOKMARK [1][-]{section*.121}{\376\377\000P\000u\000t\000t\000i\000n\000g\000\040\000H\000y\000d\000r\000o\000p\000h\000o\000b\000i\000a\000\040\000t\000o\000\040\000r\000e\000s\000t}{chapter*.86}% 29
\BOOKMARK [1][-]{section*.122}{\376\377\000C\000a\000v\000e\000r\000s\000\040\000r\000e\000t\000u\000r\000n\000i\000n\000g}{chapter*.86}% 30
\BOOKMARK [1][-]{section*.124}{\376\377\000\040\000A\000\040\000F\000r\000e\000s\000h\000e\000r\000'\000s\000\040\000f\000i\000r\000s\000t\000\040\000c\000a\000m\000p\000i\000n\000g\000\040\000t\000r\000i\000p}{chapter*.86}% 31
\BOOKMARK [1][-]{section*.131}{\376\377\000B\000a\000c\000k\000\040\000t\000o\000\040\000S\000i\000c\000\040\000S\000e\000m\000p\000e\000r\000\040\000T\000y\000r\000a\000n\000n\000i\000s}{chapter*.86}% 32
\BOOKMARK [1][-]{section*.134}{\376\377\000F\000i\000v\000e\000\040\000d\000a\000y\000s\000\040\000u\000n\000d\000e\000r\000\040\000w\000i\000t\000h\000\040\000I\000C\000C\000C}{chapter*.86}% 33
\BOOKMARK [1][-]{section*.138}{\376\377\000E\000p\000i\000l\000o\000g\000u\000e}{chapter*.86}% 34
\BOOKMARK [1][-]{section*.140}{\376\377\000S\000q\000u\000i\000d\000g\000y\000\040\000G\000o\000o\000d\000n\000e\000s\000s\000\040\040\024\000\040\000m\000o\000r\000e\000\040\000f\000u\000r\000r\000y\000\040\000f\000r\000i\000e\000n\000d\000s\000\040\000s\000i\000g\000h\000t\000i\000n\000g\000s}{chapter*.86}% 35
\BOOKMARK [1][-]{section*.143}{\376\377\000A\000d\000d\000i\000t\000i\000o\000n\000a\000l\000\040\000f\000i\000n\000d\000i\000n\000g\000s\000\040\000a\000r\000o\000u\000n\000d\000\040\000M\000i\000g\000o\000v\000e\000c}{chapter*.86}% 36
\BOOKMARK [0][-]{chapter*.153}{\376\377\0002\0000\0001\0005\000\040\000-\000\040\000P\000i\000v\000o\000\040\000M\000o\000z}{part.2}% 37
\BOOKMARK [1][-]{section*.154}{\376\377\000M\0001\0000}{chapter*.153}% 38
\BOOKMARK [1][-]{section*.157}{\376\377\000C\000o\000i\000n\000c\000i\000d\000e\000n\000c\000e\000\040\000C\000a\000v\000e}{chapter*.153}% 39
\BOOKMARK [1][-]{section*.159}{\376\377\000Y\000o\000r\000k\000s\000h\000i\000r\000e}{chapter*.153}% 40
\BOOKMARK [1][-]{section*.161}{\376\377\000T\000h\000e\000\040\000f\000i\000n\000d\000i\000n\000g\000\040\000o\000f\000\040\000M\000e\000r\000i\000d\000i\000a\000n\000\040\000W\000a\000y}{chapter*.153}% 41
\BOOKMARK [1][-]{section*.165}{\376\377\000P\000u\000s\000h\000i\000n\000g\000\040\000o\000u\000r\000\040\000L\000u\000c\000k\000\040\000a\000b\000o\000v\000e\000\040\000C\000u\000c\000k\000o\000o\000'\000s\000\040\000N\000e\000s\000t}{chapter*.153}% 42
\BOOKMARK [1][-]{section*.167}{\376\377\000A\000\040\000f\000i\000r\000s\000t\000\040\000N\000i\000g\000h\000t\000\040\000T\000r\000a\000i\000n\000\040\000e\000x\000p\000e\000r\000i\000e\000n\000c\000e}{chapter*.153}% 43
\BOOKMARK [1][-]{section*.170}{\376\377\000A\000\040\000p\000h\000o\000t\000o\000\040\000t\000r\000i\000p\000\040\000t\000o\000\040\000S\000i\000c\000\040\000S\000e\000m\000p\000e\000r\000\040\000T\000y\000r\000a\000n\000n\000i\000s}{chapter*.153}% 44
\BOOKMARK [1][-]{section*.176}{\376\377\000A\000\040\000n\000e\000w\000\040\000l\000e\000a\000d\000\040\000i\000n\000\040\000t\000h\000e\000\040\000n\000o\000r\000t\000h}{chapter*.153}% 45
\BOOKMARK [1][-]{section*.179}{\376\377\000A\000d\000d\000i\000t\000i\000o\000n\000a\000l\000\040\000f\000i\000n\000d\000i\000n\000g\000s\000\040\000a\000r\000o\000u\000n\000d\000\040\000M\000i\000g\000o\000v\000e\000c}{chapter*.153}% 46
\BOOKMARK [1][-]{section*.192}{\376\377\000J\000A\000M\000A\000R\000S\000K\000E\000\040\000R\000A\000Z\000I\000S\000K\000A\000V\000E\000\040\000N\000A\000\040\000M\000I\000G\000O\000V\000C\000U\000\040\000A\000L\000I\000\040\000D\000V\000A\000N\000A\000J\000S\000T\000\040\000B\000I\000T\000K\000\040\000M\000O\000N\000A\000T\000I\000P\000A}{chapter*.153}% 47
\BOOKMARK [1][-]{section*.205}{\376\377\000S\000p\000e\000l\000e\000o\000l\000o\000g\000i\000c\000a\000l\000\040\000e\000x\000p\000l\000o\000r\000a\000t\000i\000o\000n\000\040\000o\000n\000\040\000M\000i\000g\000o\000v\000e\000c\000\040\000o\000r\000\040\000T\000w\000o\000\040\000m\000o\000n\000t\000h\000s\000\040\000o\000f\000\040\000b\000a\000t\000t\000l\000e}{chapter*.153}% 48
\BOOKMARK [1][-]{section*.217}{\376\377\000D\000V\000A\000N\000A\000J\000S\000T\000A\000\040\000B\000I\000T\000K\000A\000\040\000-\000\040\000T\000h\000e\000\040\000T\000w\000e\000l\000f\000t\000h\000\040\000B\000a\000t\000t\000l\000e}{chapter*.153}% 49
\BOOKMARK [1][-]{section*.220}{\376\377\000T\000h\000e\000\040\000T\000w\000e\000l\000f\000t\000h\000\040\000B\000a\000t\000t\000l\000e}{chapter*.153}% 50
\BOOKMARK [0][-]{chapter*.223}{\376\377\0002\0000\0001\0006\000\040\000-\000\040\000N\000e\000p\000r\000e\000h\000o\000j\000e\000n\000e\000\040\000P\000o\000t\000i}{part.2}% 51
\BOOKMARK [1][-]{section*.224}{\376\377\000B\000a\000c\000k\000\040\000t\000o\000\040\000t\000h\000e\000\040\000H\000o\000l\000l\000o\000w\000\040\000M\000o\000u\000n\000t\000a\000i\000n}{chapter*.223}% 52
\BOOKMARK [1][-]{section*.226}{\376\377\000A\000\040\000s\000t\000e\000e\000p\000\040\000l\000e\000a\000r\000n\000i\000n\000g\000\040\000c\000u\000r\000v\000e\000:\000\040\000f\000i\000r\000s\000t\000\040\000l\000e\000a\000d\000s\000\040\000i\000n\000\040\000P\000r\000i\000m\000a\000d\000o\000n\000a}{chapter*.223}% 53
\BOOKMARK [1][-]{section*.233}{\376\377\000T\000h\000e\000\040\000P\000r\000i\000m\000a\000d\000o\000n\000a\000-\000M\000o\000n\000a\000t\000i\000p\000\040\000t\000h\000r\000o\000u\000g\000h\000-\000t\000r\000i\000p\000:\000\040\000i\000m\000p\000r\000e\000s\000s\000i\000o\000n\000s}{chapter*.223}% 54
\BOOKMARK [1][-]{section*.235}{\376\377\000F\000i\000r\000s\000t\000\040\000f\000i\000n\000d\000i\000n\000g\000s\000:\000\040\000Q\000u\000a\000n\000t\000u\000m\000\040\000S\000t\000a\000t\000e\000\040\000a\000n\000d\000\040\000b\000e\000l\000o\000w}{chapter*.223}% 55
\BOOKMARK [1][-]{section*.236}{\376\377\000W\000h\000e\000n\000\040\000d\000r\000e\000a\000m\000s\000\040\000c\000o\000m\000e\000\040\000t\000r\000u\000e\000\040\000-\000\040\000T\000h\000e\000\040\000d\000i\000s\000c\000o\000v\000e\000r\000y\000\040\000o\000f\000\040\000K\000a\000r\000s\000t\000a\000w\000a\000y}{chapter*.223}% 56
\BOOKMARK [1][-]{section*.238}{\376\377\000T\000h\000e\000\040\000K\000a\000r\000s\000t\000a\000w\000a\000y\000\040\000b\000r\000a\000n\000c\000h}{chapter*.223}% 57
\BOOKMARK [1][-]{section*.244}{\376\377\000A\000\040\000l\000i\000t\000t\000l\000e\000\040\000f\000u\000n\000\040\000i\000n\000\040\000t\000h\000e\000\040\000v\000a\000l\000l\000e\000y\000s\000\040\000s\000o\000u\000t\000h\000\040\000o\000f\000\040\000t\000h\000e\000\040\000b\000i\000v\000i}{chapter*.223}% 58
\BOOKMARK [1][-]{section*.248}{\376\377\000L\000u\000c\000k\000\040\000r\000u\000n\000s\000\040\000o\000u\000t\000\040\000i\000n\000\040\000t\000h\000e\000\040\000n\000e\000w\000\040\000s\000h\000a\000f\000t\000\040\000s\000e\000r\000i\000e\000s}{chapter*.223}% 59
\BOOKMARK [1][-]{section*.253}{\376\377\000D\000\351\000j\000\340\000\040\000V\000u}{chapter*.223}% 60
\BOOKMARK [1][-]{section*.256}{\376\377\000T\000h\000e\000\040\000s\000u\000r\000v\000e\000y\000\040\000o\000f\000\040\000a\000\040\000s\000e\000w\000e\000r\000\040\000-\000\040\000C\000l\000o\000a\000c\000a\000\040\000M\000a\000x\000i\000m\000a}{chapter*.223}% 61
\BOOKMARK [1][-]{section*.259}{\376\377\000A\000c\000c\000o\000u\000n\000t\000\040\000o\000f\000\040\000t\000h\000e\000\040\000r\000e\000s\000c\000u\000e}{chapter*.223}% 62
\BOOKMARK [1][-]{section*.266}{\376\377\000A\000d\000d\000i\000t\000i\000o\000n\000a\000l\000\040\000f\000i\000n\000d\000i\000n\000g\000s\000\040\000a\000r\000o\000u\000n\000d\000\040\000M\000i\000g\000o\000v\000e\000c}{chapter*.223}% 63
\BOOKMARK [0][-]{chapter*.275}{\376\377\0002\0000\0001\0007\000\040\000-\000\040\001\014\000e\000z\000\040\000R\000o\000b}{part.2}% 64
\BOOKMARK [1][-]{section*.276}{\376\377\000T\000h\000e\000\040\000e\000x\000p\000e\000d\000i\000t\000i\000o\000n\000\040\000s\000t\000a\000r\000t\000s\000\040\000w\000i\000t\000h\000\040\000a\000\040\000b\000a\000n\000g\000!}{chapter*.275}% 65
\BOOKMARK [1][-]{section*.279}{\376\377\000T\000h\000e\000\040\000f\000a\000l\000l\000\040\000o\000f\000\040\000G\000o\000n\000d\000o\000l\000i\000n}{chapter*.275}% 66
\BOOKMARK [1][-]{section*.284}{\376\377\000P\000l\000a\000y\000i\000n\000g\000\040\000t\000h\000e\000\040\000t\000r\000a\000v\000e\000r\000s\000e\000\040\000g\000a\000m\000e\000\040\000o\000v\000e\000r\000\040\000K\000a\000r\000s\000t\000a\000w\000a\000y}{chapter*.275}% 67
\BOOKMARK [1][-]{section*.289}{\376\377\000P\000u\000s\000h\000i\000n\000g\000\040\000a\000\040\000s\000t\000r\000e\000a\000m\000\040\000p\000a\000s\000s\000a\000g\000e\000\040\000t\000o\000\040\000i\000t\000s\000\040\000n\000a\000t\000u\000r\000a\000l\000\040\000c\000o\000n\000c\000l\000u\000s\000i\000o\000n}{chapter*.275}% 68
\BOOKMARK [1][-]{section*.291}{\376\377\000H\000a\000m\000m\000e\000r\000h\000e\000a\000d\000\040\000p\000a\000s\000s\000a\000g\000e}{chapter*.275}% 69
\BOOKMARK [1][-]{section*.297}{\376\377\000T\000h\000e\000\040\000L\000e\000a\000d\000\040\000T\000h\000a\000t\000\040\000W\000o\000u\000l\000d\000n\000'\000t\000\040\000D\000i\000e}{chapter*.275}% 70
\BOOKMARK [1][-]{section*.309}{\376\377\000O\000t\000h\000e\000r\000\040\000f\000i\000n\000d\000i\000n\000g\000s}{chapter*.275}% 71
\BOOKMARK [-1][-]{part.3}{\376\377\000I\000I\000I\000\040\000E\000x\000c\000u\000r\000s\000i\000o\000n\000s\000\040\000u\000n\000d\000e\000r\000\040\000t\000h\000e\000\040\000m\000o\000u\000n\000t\000a\000i\000n\000:\000\040\000i\000n\000\040\000t\000h\000e\000\040\000f\000o\000o\000t\000s\000t\000e\000p\000s\000\040\000o\000f\000\040\000t\000h\000e\000\040\000e\000x\000p\000l\000o\000r\000e\000r\000s}{}% 72
\BOOKMARK [0][-]{section*.324}{\376\377\000P\000r\000i\000m\000a\000d\000o\000n\000a\000-\000M\000o\000n\000a\000t\000i\000p\000\040\000t\000h\000r\000o\000u\000g\000h\000\040\000t\000r\000i\000p}{part.3}% 73
\BOOKMARK [1][-]{section*.337}{\376\377\000L\000o\000w\000e\000r\000\040\000r\000e\000a\000c\000h\000e\000s\000\040\000o\000f\000\040\000P\000r\000i\000m\000a\000d\000o\000n\000a}{section*.324}% 74
\BOOKMARK [1][-]{section*.348}{\376\377\000A\000\040\000v\000i\000s\000i\000t\000\040\000t\000o\000\040\000t\000h\000e\000\040\000S\000o\000u\000t\000h\000e\000r\000n\000\040\000R\000e\000a\000c\000h\000e\000s\000\040\000v\000i\000a\000\040\000S\000t\000u\000c\000k\000\040\000i\000n\000\040\000P\000a\000r\000a\000d\000i\000s\000e}{section*.324}% 75
\BOOKMARK [1][-]{section*.358}{\376\377\000M\0002\000-\000M\0001\0006\000\040\000r\000o\000u\000n\000d\000t\000r\000i\000p\000\040\000w\000i\000t\000h\000\040\000e\000x\000c\000u\000r\000s\000i\000o\000n\000\040\000t\000o\000\040\000B\000i\000k\000i\000n\000i\000\040\000C\000a\000r\000w\000a\000s\000h}{section*.324}% 76
\BOOKMARK [0][-]{subsection*.366}{\376\377\000L\000i\000s\000t\000\040\000o\000f\000\040\000f\000i\000g\000u\000r\000e\000s}{part.3}% 77
\BOOKMARK [0][-]{chapter*.368}{\376\377\000B\000i\000b\000l\000i\000o\000g\000r\000a\000p\000h\000y}{part.3}% 78
