\BOOKMARK [-1][-]{part.1}{\376\377\000I\000\040\000I\000n\000t\000r\000o\000d\000u\000c\000t\000i\000o\000n}{}% 1
\BOOKMARK [0][-]{section*.2}{\376\377\000T\000h\000e\000\040\000c\000a\000v\000e\000\040\000a\000r\000e\000a\000s\000\040\000o\000f\000\040\000M\000i\000g\000o\000v\000e\000c}{part.1}% 2
\BOOKMARK [1][-]{section*.10}{\376\377\000B\000u\000i\000l\000d\000i\000n\000g\000\040\000t\000h\000e\000\040\000S\000u\000r\000v\000e\000y\000\040\000o\000f\000\040\000t\000h\000e\000\040\000M\000i\000g\000o\000v\000e\000c\000\040\000C\000a\000v\000e\000\040\000S\000y\000s\000t\000e\000m}{section*.2}% 3
\BOOKMARK [-1][-]{part.2}{\376\377\000I\000I\000\040\000T\000h\000e\000\040\000e\000x\000p\000l\000o\000r\000a\000t\000i\000o\000n\000\040\000o\000f\000\040\000t\000h\000e\000\040\000M\000i\000g\000o\000v\000e\000c\000\040\000s\000y\000s\000t\000e\000m\000\040\000b\000e\000t\000w\000e\000e\000n\000\040\0002\0000\0001\0003\000-\0002\0000\0001\0007}{}% 4
\BOOKMARK [0][-]{chapter*.17}{\376\377\0002\0000\0001\0003\000\040\000-\000\040\000Z\000\040\000M\000i\000g\000\040\000N\000a\000\040\000K\000u\000k}{part.2}% 5
\BOOKMARK [1][-]{section*.18}{\376\377\000A\000\040\000m\000y\000s\000t\000e\000r\000i\000o\000u\000s\000\040\000c\000o\000m\000p\000a\000n\000i\000o\000n}{chapter*.17}% 6
\BOOKMARK [0][-]{chapter*.27}{\376\377\000B\000i\000b\000l\000i\000o\000g\000r\000a\000p\000h\000y}{part.2}% 7
\BOOKMARK [1][-]{section*.28}{\376\377\000D\000i\000s\000c\000o\000v\000e\000r\000y\000\040\000o\000f\000\040\000J\000a\000i\000l\000b\000r\000e\000a\000k}{chapter*.27}% 8
\BOOKMARK [1][-]{section*.31}{\376\377\000A\000\040\000s\000t\000o\000r\000m\000\040\000h\000i\000t\000s\000\040\000t\000h\000e\000\040\000m\000o\000u\000n\000t\000a\000i\000n}{chapter*.27}% 9
\BOOKMARK [1][-]{section*.33}{\376\377\000L\000e\000a\000d\000s\000\040\000i\000n\000\040\000t\000h\000e\000\040\000L\000a\000b\000y\000r\000i\000n\000t\000h}{chapter*.27}% 10
\BOOKMARK [1][-]{section*.34}{\376\377\000\040\000E\000x\000p\000l\000o\000r\000a\000t\000i\000o\000n\000\040\000o\000f\000\040\000A\000r\000e\000a\000\040\000S}{chapter*.27}% 11
\BOOKMARK [1][-]{section*.36}{\376\377\000D\000i\000s\000c\000o\000v\000e\000r\000i\000e\000s\000\040\000b\000i\000g\000\040\000a\000n\000d\000\040\000s\000m\000a\000l\000l\000\040\000i\000n\000\040\000t\000h\000e\000\040\000H\000o\000l\000l\000o\000w\000\040\000m\000o\000u\000n\000t\000a\000i\000n}{chapter*.27}% 12
\BOOKMARK [1][-]{section*.37}{\376\377\000\040\000A\000t\000\040\000t\000h\000e\000\040\000e\000n\000d\000\040\000A\000t\000l\000a\000n\000t\000i\000s}{chapter*.27}% 13
\BOOKMARK [1][-]{section*.38}{\376\377\000B\000e\000l\000o\000w\000\040\000B\000a\000l\000a\000m\000o\000r\000y}{chapter*.27}% 14
\BOOKMARK [0][-]{chapter*.47}{\376\377\0002\0000\0001\0004\000\040\000-\000\040\000Z\000k\000o\000s\000i\000\040\000Z\000r\000c\000a\000l\000o}{part.2}% 15
\BOOKMARK [1][-]{section*.48}{\376\377\000A\000\040\000r\000a\000t\000h\000e\000r\000\040\000c\000o\000l\000d\000\040\000w\000e\000l\000c\000o\000m\000e}{chapter*.47}% 16
\BOOKMARK [1][-]{section*.50}{\376\377\000T\000h\000e\000\040\000d\000e\000a\000t\000h\000\040\000o\000f\000\040\000J\000a\000i\000l\000b\000r\000e\000a\000k}{chapter*.47}% 17
\BOOKMARK [1][-]{section*.53}{\376\377\000S\000u\000r\000f\000a\000c\000e\000\040\000e\000x\000p\000l\000o\000r\000a\000t\000i\000o\000n\000\040\000o\000n\000\040\000M\000i\000g\000o\000v\000e\000c}{chapter*.47}% 18
\BOOKMARK [1][-]{section*.59}{\376\377\000P\000r\000e\000p\000a\000r\000i\000n\000g\000\040\000t\000h\000e\000\040\000g\000r\000o\000u\000n\000d\000\040\000f\000o\000r\000\040\000a\000n\000o\000t\000h\000e\000r\000\040\000c\000a\000m\000p}{chapter*.47}% 19
\BOOKMARK [1][-]{section*.62}{\376\377\000E\000x\000p\000l\000o\000r\000i\000n\000g\000\040\000t\000h\000e\000\040\000N\000o\000r\000t\000h\000e\000r\000n\000\040\000e\000x\000t\000e\000n\000s\000i\000o\000n\000s}{chapter*.47}% 20
\BOOKMARK [1][-]{section*.68}{\376\377\000P\000u\000s\000h\000i\000n\000g\000\040\000a\000n\000\040\000e\000v\000a\000s\000i\000v\000e\000\040\000e\000s\000o\000t\000e\000r\000i\000c\000\040\000s\000t\000r\000e\000a\000m\000w\000a\000y\000\040\000a\000n\000d\000\040\000p\000l\000u\000m\000b\000i\000n\000g\000\040\000t\000h\000e\000\040\000d\000e\000p\000t\000h\000s\000\040\000o\000f\000\040\000h\000u\000m\000o\000u\000r}{chapter*.47}% 21
\BOOKMARK [1][-]{section*.70}{\376\377\000E\000s\000o\000t\000e\000r\000i\000c\000a\000\040\000-\000\040\000a\000\040\000l\000e\000a\000d\000\040\000c\000l\000o\000s\000e\000\040\000t\000o\000\040\000c\000a\000m\000p\000\040\000X\000-\000R\000a\000y}{chapter*.47}% 22
\BOOKMARK [1][-]{section*.73}{\376\377\000P\000u\000t\000t\000i\000n\000g\000\040\000H\000y\000d\000r\000o\000p\000h\000o\000b\000i\000a\000\040\000t\000o\000\040\000r\000e\000s\000t}{chapter*.47}% 23
\BOOKMARK [1][-]{section*.74}{\376\377\000C\000a\000v\000e\000r\000s\000\040\000r\000e\000t\000u\000r\000n\000i\000n\000g}{chapter*.47}% 24
\BOOKMARK [1][-]{section*.76}{\376\377\000\040\000A\000\040\000F\000r\000e\000s\000h\000e\000r\000'\000s\000\040\000f\000i\000r\000s\000t\000\040\000c\000a\000m\000p\000i\000n\000g\000\040\000t\000r\000i\000p}{chapter*.47}% 25
\BOOKMARK [1][-]{section*.83}{\376\377\000B\000a\000c\000k\000\040\000t\000o\000\040\000S\000i\000c\000\040\000S\000e\000m\000p\000e\000r\000\040\000T\000y\000r\000a\000n\000n\000i\000s}{chapter*.47}% 26
\BOOKMARK [1][-]{section*.86}{\376\377\000F\000i\000v\000e\000\040\000d\000a\000y\000s\000\040\000u\000n\000d\000e\000r\000\040\000w\000i\000t\000h\000\040\000I\000C\000C\000C}{chapter*.47}% 27
\BOOKMARK [1][-]{section*.90}{\376\377\000E\000p\000i\000l\000o\000g\000u\000e}{chapter*.47}% 28
\BOOKMARK [1][-]{section*.92}{\376\377\000S\000q\000u\000i\000d\000g\000y\000\040\000G\000o\000o\000d\000n\000e\000s\000s\000\040\040\024\000\040\000m\000o\000r\000e\000\040\000f\000u\000r\000r\000y\000\040\000f\000r\000i\000e\000n\000d\000s\000\040\000s\000i\000g\000h\000t\000i\000n\000g\000s}{chapter*.47}% 29
\BOOKMARK [1][-]{section*.95}{\376\377\000A\000d\000d\000i\000t\000i\000o\000n\000a\000l\000\040\000f\000i\000n\000d\000i\000n\000g\000s\000\040\000a\000r\000o\000u\000n\000d\000\040\000M\000i\000g\000o\000v\000e\000c}{chapter*.47}% 30
\BOOKMARK [0][-]{chapter*.105}{\376\377\0002\0000\0001\0004\000\040\000-\000\040\000Z\000k\000o\000s\000i\000\040\000Z\000r\000c\000a\000l\000o}{part.2}% 31
\BOOKMARK [0][-]{chapter*.106}{\376\377\0002\0000\0001\0005\000\040\000-\000\040\000P\000i\000v\000o\000\040\000M\000o\000z}{part.2}% 32
\BOOKMARK [1][-]{section*.107}{\376\377\000M\0001\0000}{chapter*.106}% 33
\BOOKMARK [1][-]{section*.110}{\376\377\000C\000o\000i\000n\000c\000i\000d\000e\000n\000c\000e\000\040\000C\000a\000v\000e}{chapter*.106}% 34
\BOOKMARK [1][-]{section*.112}{\376\377\000Y\000o\000r\000k\000s\000h\000i\000r\000e}{chapter*.106}% 35
\BOOKMARK [1][-]{section*.114}{\376\377\000T\000h\000e\000\040\000f\000i\000n\000d\000i\000n\000g\000\040\000o\000f\000\040\000M\000e\000r\000i\000d\000i\000a\000n\000\040\000W\000a\000y}{chapter*.106}% 36
\BOOKMARK [1][-]{section*.118}{\376\377\000P\000u\000s\000h\000i\000n\000g\000\040\000o\000u\000r\000\040\000L\000u\000c\000k\000\040\000a\000b\000o\000v\000e\000\040\000C\000u\000c\000k\000o\000o\000'\000s\000\040\000N\000e\000s\000t}{chapter*.106}% 37
\BOOKMARK [1][-]{section*.120}{\376\377\000A\000\040\000f\000i\000r\000s\000t\000\040\000N\000i\000g\000h\000t\000\040\000T\000r\000a\000i\000n\000\040\000e\000x\000p\000e\000r\000i\000e\000n\000c\000e}{chapter*.106}% 38
\BOOKMARK [1][-]{section*.123}{\376\377\000A\000\040\000p\000h\000o\000t\000o\000\040\000t\000r\000i\000p\000\040\000t\000o\000\040\000S\000i\000c\000\040\000S\000e\000m\000p\000e\000r\000\040\000T\000y\000r\000a\000n\000n\000i\000s}{chapter*.106}% 39
\BOOKMARK [1][-]{section*.129}{\376\377\000A\000\040\000n\000e\000w\000\040\000l\000e\000a\000d\000\040\000i\000n\000\040\000t\000h\000e\000\040\000n\000o\000r\000t\000h}{chapter*.106}% 40
\BOOKMARK [1][-]{section*.132}{\376\377\000A\000d\000d\000i\000t\000i\000o\000n\000a\000l\000\040\000f\000i\000n\000d\000i\000n\000g\000s\000\040\000a\000r\000o\000u\000n\000d\000\040\000M\000i\000g\000o\000v\000e\000c}{chapter*.106}% 41
\BOOKMARK [1][-]{section*.144}{\376\377\000D\000V\000A\000N\000A\000J\000S\000T\000A\000\040\000B\000I\000T\000K\000A\000\040\000-\000\040\000T\000h\000e\000\040\000T\000w\000e\000l\000f\000t\000h\000\040\000B\000a\000t\000t\000l\000e}{chapter*.106}% 42
\BOOKMARK [1][-]{section*.147}{\376\377\000T\000h\000e\000\040\000T\000w\000e\000l\000f\000t\000h\000\040\000B\000a\000t\000t\000l\000e}{chapter*.106}% 43
\BOOKMARK [0][-]{chapter*.150}{\376\377\0002\0000\0001\0006\000\040\000-\000\040\000N\000e\000p\000r\000e\000h\000o\000j\000e\000n\000e\000\040\000P\000o\000t\000i}{part.2}% 44
\BOOKMARK [1][-]{section*.151}{\376\377\000B\000a\000c\000k\000\040\000t\000o\000\040\000t\000h\000e\000\040\000H\000o\000l\000l\000o\000w\000\040\000M\000o\000u\000n\000t\000a\000i\000n}{chapter*.150}% 45
\BOOKMARK [1][-]{section*.153}{\376\377\000A\000\040\000s\000t\000e\000e\000p\000\040\000l\000e\000a\000r\000n\000i\000n\000g\000\040\000c\000u\000r\000v\000e\000:\000\040\000f\000i\000r\000s\000t\000\040\000l\000e\000a\000d\000s\000\040\000i\000n\000\040\000P\000r\000i\000m\000a\000d\000o\000n\000a}{chapter*.150}% 46
\BOOKMARK [1][-]{section*.157}{\376\377\000T\000h\000e\000\040\000P\000r\000i\000m\000a\000d\000o\000n\000a\000-\000M\000o\000n\000a\000t\000i\000p\000\040\000t\000h\000r\000o\000u\000g\000h\000-\000t\000r\000i\000p\000:\000\040\000i\000m\000p\000r\000e\000s\000s\000i\000o\000n\000s}{chapter*.150}% 47
\BOOKMARK [1][-]{section*.159}{\376\377\000F\000i\000r\000s\000t\000\040\000f\000i\000n\000d\000i\000n\000g\000s\000:\000\040\000Q\000u\000a\000n\000t\000u\000m\000\040\000S\000t\000a\000t\000e\000\040\000a\000n\000d\000\040\000b\000e\000l\000o\000w}{chapter*.150}% 48
\BOOKMARK [1][-]{section*.160}{\376\377\000W\000h\000e\000n\000\040\000d\000r\000e\000a\000m\000s\000\040\000c\000o\000m\000e\000\040\000t\000r\000u\000e\000\040\000-\000\040\000T\000h\000e\000\040\000d\000i\000s\000c\000o\000v\000e\000r\000y\000\040\000o\000f\000\040\000K\000a\000r\000s\000t\000a\000w\000a\000y}{chapter*.150}% 49
\BOOKMARK [1][-]{section*.162}{\376\377\000T\000h\000e\000\040\000K\000a\000r\000s\000t\000a\000w\000a\000y\000\040\000b\000r\000a\000n\000c\000h}{chapter*.150}% 50
\BOOKMARK [1][-]{section*.168}{\376\377\000A\000\040\000l\000i\000t\000t\000l\000e\000\040\000f\000u\000n\000\040\000i\000n\000\040\000t\000h\000e\000\040\000v\000a\000l\000l\000e\000y\000s\000\040\000s\000o\000u\000t\000h\000\040\000o\000f\000\040\000t\000h\000e\000\040\000b\000i\000v\000i}{chapter*.150}% 51
\BOOKMARK [1][-]{section*.172}{\376\377\000L\000u\000c\000k\000\040\000r\000u\000n\000s\000\040\000o\000u\000t\000\040\000i\000n\000\040\000t\000h\000e\000\040\000n\000e\000w\000\040\000s\000h\000a\000f\000t\000\040\000s\000e\000r\000i\000e\000s}{chapter*.150}% 52
\BOOKMARK [1][-]{section*.177}{\376\377\000D\000\351\000j\000\340\000\040\000V\000u}{chapter*.150}% 53
\BOOKMARK [1][-]{section*.180}{\376\377\000T\000h\000e\000\040\000s\000u\000r\000v\000e\000y\000\040\000o\000f\000\040\000a\000\040\000s\000e\000w\000e\000r\000\040\000-\000\040\000C\000l\000o\000a\000c\000a\000\040\000M\000a\000x\000i\000m\000a}{chapter*.150}% 54
\BOOKMARK [1][-]{section*.183}{\376\377\000A\000c\000c\000o\000u\000n\000t\000\040\000o\000f\000\040\000t\000h\000e\000\040\000r\000e\000s\000c\000u\000e}{chapter*.150}% 55
\BOOKMARK [1][-]{section*.190}{\376\377\000A\000d\000d\000i\000t\000i\000o\000n\000a\000l\000\040\000f\000i\000n\000d\000i\000n\000g\000s\000\040\000a\000r\000o\000u\000n\000d\000\040\000M\000i\000g\000o\000v\000e\000c}{chapter*.150}% 56
\BOOKMARK [0][-]{chapter*.199}{\376\377\0002\0000\0001\0007\000\040\000-\000\040\001\014\000e\000z\000\040\000R\000o\000b}{part.2}% 57
\BOOKMARK [1][-]{section*.200}{\376\377\000T\000h\000e\000\040\000e\000x\000p\000e\000d\000i\000t\000i\000o\000n\000\040\000s\000t\000a\000r\000t\000s\000\040\000w\000i\000t\000h\000\040\000a\000\040\000b\000a\000n\000g\000!}{chapter*.199}% 58
\BOOKMARK [1][-]{section*.203}{\376\377\000T\000h\000e\000\040\000f\000a\000l\000l\000\040\000o\000f\000\040\000G\000o\000n\000d\000o\000l\000i\000n}{chapter*.199}% 59
\BOOKMARK [1][-]{section*.207}{\376\377\000P\000l\000a\000y\000i\000n\000g\000\040\000t\000h\000e\000\040\000t\000r\000a\000v\000e\000r\000s\000e\000\040\000g\000a\000m\000e\000\040\000o\000v\000e\000r\000\040\000K\000a\000r\000s\000t\000a\000w\000a\000y}{chapter*.199}% 60
\BOOKMARK [1][-]{section*.212}{\376\377\000P\000u\000s\000h\000i\000n\000g\000\040\000a\000\040\000s\000t\000r\000e\000a\000m\000\040\000p\000a\000s\000s\000a\000g\000e\000\040\000t\000o\000\040\000i\000t\000s\000\040\000n\000a\000t\000u\000r\000a\000l\000\040\000c\000o\000n\000c\000l\000u\000s\000i\000o\000n}{chapter*.199}% 61
\BOOKMARK [1][-]{section*.214}{\376\377\000H\000a\000m\000m\000e\000r\000h\000e\000a\000d\000\040\000p\000a\000s\000s\000a\000g\000e}{chapter*.199}% 62
\BOOKMARK [1][-]{section*.221}{\376\377\000T\000h\000e\000\040\000L\000e\000a\000d\000\040\000T\000h\000a\000t\000\040\000W\000o\000u\000l\000d\000n\000'\000t\000\040\000D\000i\000e}{chapter*.199}% 63
\BOOKMARK [1][-]{section*.233}{\376\377\000O\000t\000h\000e\000r\000\040\000f\000i\000n\000d\000i\000n\000g\000s}{chapter*.199}% 64
\BOOKMARK [-1][-]{part.3}{\376\377\000I\000I\000I\000\040\000E\000x\000c\000u\000r\000s\000i\000o\000n\000s\000\040\000u\000n\000d\000e\000r\000\040\000t\000h\000e\000\040\000m\000o\000u\000n\000t\000a\000i\000n\000:\000\040\000i\000n\000\040\000t\000h\000e\000\040\000f\000o\000o\000t\000s\000t\000e\000p\000s\000\040\000o\000f\000\040\000t\000h\000e\000\040\000e\000x\000p\000l\000o\000r\000e\000r\000s}{}% 65
\BOOKMARK [0][-]{section*.238}{\376\377\000P\000r\000i\000m\000a\000d\000o\000n\000a\000-\000M\000o\000n\000a\000t\000i\000p\000\040\000t\000h\000r\000o\000u\000g\000h\000\040\000t\000r\000i\000p}{part.3}% 66
\BOOKMARK [1][-]{section*.252}{\376\377\000L\000o\000w\000e\000r\000\040\000r\000e\000a\000c\000h\000e\000s\000\040\000o\000f\000\040\000P\000r\000i\000m\000a\000d\000o\000n\000a}{section*.238}% 67
\BOOKMARK [1][-]{section*.263}{\376\377\000A\000\040\000v\000i\000s\000i\000t\000\040\000t\000o\000\040\000t\000h\000e\000\040\000S\000o\000u\000t\000h\000e\000r\000n\000\040\000R\000e\000a\000c\000h\000e\000s\000\040\000v\000i\000a\000\040\000S\000t\000u\000c\000k\000\040\000i\000n\000\040\000P\000a\000r\000a\000d\000i\000s\000e}{section*.238}% 68
\BOOKMARK [1][-]{section*.273}{\376\377\000M\0002\000-\000M\0001\0006\000\040\000r\000o\000u\000n\000d\000t\000r\000i\000p\000\040\000w\000i\000t\000h\000\040\000e\000x\000c\000u\000r\000s\000i\000o\000n\000\040\000t\000o\000\040\000B\000i\000k\000i\000n\000i\000\040\000C\000a\000r\000w\000a\000s\000h}{section*.238}% 69
